<!DOCTYPE html PUBLIC "-//W3C//DTD XHTML 1.1//EN" "http://www.w3.org/TR/xhtml11/DTD/xhtml11.dtd">
<html xmlns="http://www.w3.org/1999/xhtml"><head><title>TestNG Report</title><style type="text/css">table {margin-bottom:10px;border-collapse:collapse;empty-cells:show}th,td {border:1px solid #009;padding:.25em .5em}th {vertical-align:bottom}td {vertical-align:top}table a {font-weight:bold}.stripe td {background-color: #E6EBF9}.num {text-align:right}.passedodd td {background-color: #3F3}.passedeven td {background-color: #0A0}.skippedodd td {background-color: #DDD}.skippedeven td {background-color: #CCC}.failedodd td,.attn {background-color: #F33}.failedeven td,.stripe .attn {background-color: #D00}.stacktrace {white-space:pre;font-family:monospace}.totop {font-size:85%;text-align:center;border-bottom:2px solid #000}</style></head><body><table><tr><th>Test</th><th># Passed</th><th># Skipped</th><th># Failed</th><th>Time (ms)</th><th>Included Groups</th><th>Excluded Groups</th></tr><tr><th colspan="7">HeatClinic-loginexcel-WIN_10_Chrome_71</th></tr><tr><td><a href="#t0">loginwithexceldata</a></td><td class="num">1</td><td class="num">0</td><td class="num">0</td><td class="num">60,886</td><td></td><td></td></tr><tr class="stripe"><td><a href="#t1">loginwithinvalidexceldata</a></td><td class="num">0</td><td class="num">0</td><td class="num attn">1</td><td class="num">31,136</td><td></td><td></td></tr><tr><td><a href="#t2">registerwithexceldata</a></td><td class="num">1</td><td class="num">0</td><td class="num">0</td><td class="num">27,932</td><td></td><td></td></tr><tr class="stripe"><td><a href="#t3">traversewithexceldata</a></td><td class="num">1</td><td class="num">0</td><td class="num">0</td><td class="num">53,862</td><td></td><td></td></tr><tr><th>Total</th><th class="num">3</th><th class="num">0</th><th class="num attn">1</th><th class="num">173,816</th><th colspan="2"></th></tr></table><table><thead><tr><th>Class</th><th>Method</th><th>Start</th><th>Time (ms)</th></tr></thead><tbody><tr><th colspan="4">HeatClinic-loginexcel-WIN_10_Chrome_71</th></tr></tbody><tbody id="t0"><tr><th colspan="4">loginwithexceldata &#8212; passed</th></tr><tr class="passedeven"><td rowspan="1">com.atmecs.testscript.Login</td><td><a href="#m0">validLogin</a></td><td rowspan="1">1550733486285</td><td rowspan="1">58536</td></tr></tbody><tbody id="t1"><tr><th colspan="4">loginwithinvalidexceldata &#8212; failed</th></tr><tr class="failedeven"><td rowspan="1">com.atmecs.testscript.InvalidLogin</td><td><a href="#m1">invalidLogin</a></td><td rowspan="1">1550733546184</td><td rowspan="1">29042</td></tr></tbody><tbody id="t2"><tr><th colspan="4">registerwithexceldata &#8212; passed</th></tr><tr class="passedeven"><td rowspan="1">com.atmecs.testscript.Registration</td><td><a href="#m2">register</a></td><td rowspan="1">1550733577346</td><td rowspan="1">26653</td></tr></tbody><tbody id="t3"><tr><th colspan="4">traversewithexceldata &#8212; passed</th></tr><tr class="passedeven"><td rowspan="1">com.atmecs.testscript.TraversePages</td><td><a href="#m3">traverseTheLinks</a></td><td rowspan="1">1550733605216</td><td rowspan="1">52638</td></tr></tbody></table><h2>loginwithexceldata</h2><h3 id="m0">com.atmecs.testscript.Login#validLogin</h3><table class="result"><tr class="param"><th>Parameter #1</th><th>Parameter #2</th><th>Parameter #3</th></tr><tr class="param stripe"><td>rajat.gupta@atmecs.com</td><td>abcd</td><td>Rajat</td></tr><tr><th colspan="3">Messages</th></tr><tr><td colspan="3"><div class="messages">INFO: Reading data from Excel file<br/>INFO: Opening url http://10.10.10.232:8080/<br/>INFO: Maximizing window <br/>INFO: Clicking login link <br/>INFO: Entering data in email field rajat.gupta@atmecs.com<br/>INFO: Entering data in password field <br/>INFO: Clicking login button<br/>PASS :  Verifying username : ACTUAL : Rajat 	EXPECTED :Rajat<br/>PASS : Account Verified<br/>Clicking Account Name Rajat<br/>Clicking on Submit button in Account Information<br/>Verifying account updation<br/>PASS :  Verifying Account Updation : ACTUAL : Account successfully updated 	EXPECTED :Account successfully updated<br/>PASS : Account updated<br/>Clicking on Hot Sauces Tab<br/>Clicking on Sauce<br/>Clicking on buy button<br/>Checking cart item<br/>Verifying item in cart<br/>PASS : Cart Item : ACTUAL : Roasted Garlic Hot Sauce 	EXPECTED :Roasted Garlic Hot Sauce<br/>Removing Cart Item<br/>Item Removed Successfully<br/>Closeing Cart Window<br/>Clicking on logout button<br/>Logged out successfully</div></td></tr></table><p class="totop"><a href="#summary">back to summary</a></p><h2>loginwithinvalidexceldata</h2><h3 id="m1">com.atmecs.testscript.InvalidLogin#invalidLogin</h3><table class="result"><tr class="param"><th>Parameter #1</th><th>Parameter #2</th><th>Parameter #3</th></tr><tr class="param stripe"><td>tempuser@atmecs.com</td><td>tempuser</td><td>tempuser</td></tr><tr><th colspan="3">Messages</th></tr><tr><td colspan="3"><div class="messages">INFO: Reading data from Excel file<br/>INFO: Opening url http://10.10.10.232:8080/<br/>INFO: Maximizing window <br/>INFO: Clicking login link <br/>INFO: Entering invalid email ID in email field tempuser@atmecs.com<br/>INFO: Entering data in password field <br/>INFO: Clicking login button<br/>FAIL : Error occured capturing screenshot, refer to error tab for more details<br/>IMG : 053564eb-27ed-49dd-83d0-5717314c35d3</div></td></tr><tr><th colspan="3">Exception</th></tr><tr><td colspan="3"><div class="stacktrace">org.openqa.selenium.TimeoutException: Timed out after 10 seconds waiting for visibility of element located by By.xpath: //a[@class=&apos;my-account&apos;]
Build info: version: &apos;2.53.1&apos;, revision: &apos;a36b8b1cd5757287168e54b817830adce9b0158d&apos;, time: &apos;2016-06-30 19:26:09&apos;
System info: host: &apos;ATMECSINLT-469&apos;, ip: &apos;55.55.53.74&apos;, os.name: &apos;Windows 10&apos;, os.arch: &apos;amd64&apos;, os.version: &apos;10.0&apos;, java.version: &apos;1.8.0_201&apos;
Driver info: org.openqa.selenium.remote.RemoteWebDriver
Capabilities [{mobileEmulationEnabled=false, hasTouchScreen=false, platform=XP, acceptSslCerts=false, goog:chromeOptions={debuggerAddress=localhost:2522}, acceptInsecureCerts=false, webStorageEnabled=true, browserName=chrome, takesScreenshot=true, javascriptEnabled=true, setWindowRect=true, unexpectedAlertBehaviour=ignore, applicationCacheEnabled=false, rotatable=false, networkConnectionEnabled=false, chrome={chromedriverVersion=2.44.609538 (b655c5a60b0b544917107a59d4153d4bf78e1b90), userDataDir=C:\Windows\proxy\scoped_dir8292_1506}, takesHeapSnapshot=true, pageLoadStrategy=normal, databaseEnabled=false, handlesAlerts=true, version=71.0.3578.80, browserConnectionEnabled=false, nativeEvents=true, webdriver.remote.sessionid=9b86a83af6ddade4c3a664f8b7949c5db5e9bdcd, locationContextEnabled=true, cssSelectorsEnabled=true}]
Session ID: 9b86a83af6ddade4c3a664f8b7949c5db5e9bdcd
	at org.openqa.selenium.support.ui.WebDriverWait.timeoutException(WebDriverWait.java:80)
	at org.openqa.selenium.support.ui.FluentWait.until(FluentWait.java:261)
	at com.atmecs.falcon.automation.ui.selenium.WaitElement.waitFor(WaitElement.java:90)
	at com.atmecs.testscript.InvalidLogin.accountLogin(InvalidLogin.java:86)
	at com.atmecs.testscript.InvalidLogin.invalidLogin(InvalidLogin.java:67)
	at com.atmecs.runner.TestNGRunner.main(TestNGRunner.java:74)
	at org.codehaus.mojo.exec.ExecJavaMojo$1.run(ExecJavaMojo.java:293)
	at java.lang.Thread.run(Thread.java:748)
Caused by: org.openqa.selenium.NoSuchElementException: no such element: Unable to locate element: {&quot;method&quot;:&quot;xpath&quot;,&quot;selector&quot;:&quot;//a[@class=&apos;my-account&apos;]&quot;}
  (Session info: chrome=71.0.3578.80)
  (Driver info: chromedriver=2.44.609538 (b655c5a60b0b544917107a59d4153d4bf78e1b90),platform=Windows NT 10.0.17134 x86_64) (WARNING: The server did not provide any stacktrace information)
Command duration or timeout: 14 milliseconds
For documentation on this error, please visit: http://seleniumhq.org/exceptions/no_such_element.html
Build info: version: &apos;2.53.0&apos;, revision: &apos;35ae25b&apos;, time: &apos;2016-03-15 17:00:58&apos;
System info: host: &apos;185-44-128-41&apos;, ip: &apos;185.44.128.41&apos;, os.name: &apos;windows&apos;, os.arch: &apos;x86&apos;, os.version: &apos;10.0&apos;, java.version: &apos;1.8.0_181&apos;
Driver info: org.openqa.selenium.chrome.ChromeDriver
Capabilities [{mobileEmulationEnabled=false, hasTouchScreen=false, platform=XP, acceptSslCerts=false, goog:chromeOptions={debuggerAddress=localhost:2522}, acceptInsecureCerts=false, webStorageEnabled=true, browserName=chrome, takesScreenshot=true, javascriptEnabled=true, setWindowRect=true, unexpectedAlertBehaviour=ignore, applicationCacheEnabled=false, rotatable=false, networkConnectionEnabled=false, chrome={chromedriverVersion=2.44.609538 (b655c5a60b0b544917107a59d4153d4bf78e1b90), userDataDir=C:\Windows\proxy\scoped_dir8292_1506}, takesHeapSnapshot=true, pageLoadStrategy=normal, databaseEnabled=false, handlesAlerts=true, version=71.0.3578.80, browserConnectionEnabled=false, nativeEvents=true, locationContextEnabled=true, cssSelectorsEnabled=true}]
Session ID: 69236abe7353320b48cbf40c25296132
*** Element info: {Using=xpath, value=//a[@class=&apos;my-account&apos;]}
Command duration or timeout: 949 milliseconds
For documentation on this error, please visit: http://seleniumhq.org/exceptions/no_such_element.html
Build info: version: &apos;2.53.1&apos;, revision: &apos;a36b8b1cd5757287168e54b817830adce9b0158d&apos;, time: &apos;2016-06-30 19:26:09&apos;
System info: host: &apos;ATMECSINLT-469&apos;, ip: &apos;55.55.53.74&apos;, os.name: &apos;Windows 10&apos;, os.arch: &apos;amd64&apos;, os.version: &apos;10.0&apos;, java.version: &apos;1.8.0_201&apos;
Driver info: org.openqa.selenium.remote.RemoteWebDriver
Capabilities [{mobileEmulationEnabled=false, hasTouchScreen=false, platform=XP, acceptSslCerts=false, goog:chromeOptions={debuggerAddress=localhost:2522}, acceptInsecureCerts=false, webStorageEnabled=true, browserName=chrome, takesScreenshot=true, javascriptEnabled=true, setWindowRect=true, unexpectedAlertBehaviour=ignore, applicationCacheEnabled=false, rotatable=false, networkConnectionEnabled=false, chrome={chromedriverVersion=2.44.609538 (b655c5a60b0b544917107a59d4153d4bf78e1b90), userDataDir=C:\Windows\proxy\scoped_dir8292_1506}, takesHeapSnapshot=true, pageLoadStrategy=normal, databaseEnabled=false, handlesAlerts=true, version=71.0.3578.80, browserConnectionEnabled=false, nativeEvents=true, webdriver.remote.sessionid=9b86a83af6ddade4c3a664f8b7949c5db5e9bdcd, locationContextEnabled=true, cssSelectorsEnabled=true}]
Session ID: 9b86a83af6ddade4c3a664f8b7949c5db5e9bdcd
*** Element info: {Using=xpath, value=//a[@class=&apos;my-account&apos;]}
	at org.openqa.selenium.remote.ErrorHandler.createThrowable(ErrorHandler.java:206)
	at org.openqa.selenium.remote.ErrorHandler.throwIfResponseFailed(ErrorHandler.java:158)
	at org.openqa.selenium.remote.RemoteWebDriver.execute(RemoteWebDriver.java:678)
	at org.openqa.selenium.remote.RemoteWebDriver.findElement(RemoteWebDriver.java:363)
	at org.openqa.selenium.remote.RemoteWebDriver.findElementByXPath(RemoteWebDriver.java:500)
	at org.openqa.selenium.By$ByXPath.findElement(By.java:361)
	at org.openqa.selenium.remote.RemoteWebDriver.findElement(RemoteWebDriver.java:355)
	at org.openqa.selenium.support.ui.ExpectedConditions.findElement(ExpectedConditions.java:899)
	at org.openqa.selenium.support.ui.ExpectedConditions.access$000(ExpectedConditions.java:41)
	at org.openqa.selenium.support.ui.ExpectedConditions$7.apply(ExpectedConditions.java:205)
	at org.openqa.selenium.support.ui.ExpectedConditions$7.apply(ExpectedConditions.java:201)
	at org.openqa.selenium.support.ui.FluentWait.until(FluentWait.java:238)
	... 31 more
Caused by: org.openqa.selenium.remote.ScreenshotException: Screen shot has been taken
Build info: version: &apos;2.53.1&apos;, revision: &apos;a36b8b1cd5757287168e54b817830adce9b0158d&apos;, time: &apos;2016-06-30 19:26:09&apos;
System info: host: &apos;ATMECSINLT-469&apos;, ip: &apos;55.55.53.74&apos;, os.name: &apos;Windows 10&apos;, os.arch: &apos;amd64&apos;, os.version: &apos;10.0&apos;, java.version: &apos;1.8.0_201&apos;
Driver info: driver.version: RemoteWebDriver
	at org.openqa.selenium.remote.ErrorHandler.throwIfResponseFailed(ErrorHandler.java:138)
	... 41 more
Caused by: org.openqa.selenium.NoSuchElementException: no such element: Unable to locate element: {&quot;method&quot;:&quot;xpath&quot;,&quot;selector&quot;:&quot;//a[@class=&apos;my-account&apos;]&quot;}
  (Session info: chrome=71.0.3578.80)
  (Driver info: chromedriver=2.44.609538 (b655c5a60b0b544917107a59d4153d4bf78e1b90),platform=Windows NT 10.0.17134 x86_64) (WARNING: The server did not provide any stacktrace information)
Command duration or timeout: 14 milliseconds
For documentation on this error, please visit: http://seleniumhq.org/exceptions/no_such_element.html
Build info: version: &apos;2.53.0&apos;, revision: &apos;35ae25b&apos;, time: &apos;2016-03-15 17:00:58&apos;
System info: host: &apos;185-44-128-41&apos;, ip: &apos;185.44.128.41&apos;, os.name: &apos;windows&apos;, os.arch: &apos;x86&apos;, os.version: &apos;10.0&apos;, java.version: &apos;1.8.0_181&apos;
Driver info: org.openqa.selenium.chrome.ChromeDriver
Capabilities [{mobileEmulationEnabled=false, hasTouchScreen=false, platform=XP, acceptSslCerts=false, goog:chromeOptions={debuggerAddress=localhost:2522}, acceptInsecureCerts=false, webStorageEnabled=true, browserName=chrome, takesScreenshot=true, javascriptEnabled=true, setWindowRect=true, unexpectedAlertBehaviour=ignore, applicationCacheEnabled=false, rotatable=false, networkConnectionEnabled=false, chrome={chromedriverVersion=2.44.609538 (b655c5a60b0b544917107a59d4153d4bf78e1b90), userDataDir=C:\Windows\proxy\scoped_dir8292_1506}, takesHeapSnapshot=true, pageLoadStrategy=normal, databaseEnabled=false, handlesAlerts=true, version=71.0.3578.80, browserConnectionEnabled=false, nativeEvents=true, locationContextEnabled=true, cssSelectorsEnabled=true}]
Session ID: 69236abe7353320b48cbf40c25296132
*** Element info: {Using=xpath, value=//a[@class=&apos;my-account&apos;]}
For documentation on this error, please visit: http://seleniumhq.org/exceptions/no_such_element.html
Build info: version: &apos;2.53.1&apos;, revision: &apos;a36b8b1cd5757287168e54b817830adce9b0158d&apos;, time: &apos;2016-06-30 19:26:09&apos;
System info: host: &apos;ATMECSINLT-469&apos;, ip: &apos;55.55.53.74&apos;, os.name: &apos;Windows 10&apos;, os.arch: &apos;amd64&apos;, os.version: &apos;10.0&apos;, java.version: &apos;1.8.0_201&apos;
Driver info: driver.version: EventFiringWebDriver
	at org.openqa.selenium.remote.ErrorHandler.createThrowable(ErrorHandler.java:206)
	at org.openqa.selenium.remote.ErrorHandler.throwIfResponseFailed(ErrorHandler.java:158)
	at org.openqa.selenium.remote.RemoteWebDriver.execute(RemoteWebDriver.java:678)
	at org.openqa.selenium.remote.RemoteWebDriver.findElement(RemoteWebDriver.java:363)
	at org.openqa.selenium.remote.RemoteWebDriver.findElementByXPath(RemoteWebDriver.java:500)
	at org.openqa.selenium.By$ByXPath.findElement(By.java:361)
	at org.openqa.selenium.remote.RemoteWebDriver.findElement(RemoteWebDriver.java:355)
	at org.openqa.selenium.support.events.EventFiringWebDriver$2.invoke(EventFiringWebDriver.java:103)
	at com.sun.proxy.$Proxy1.findElement(Unknown Source)
	at org.openqa.selenium.support.events.EventFiringWebDriver.findElement(EventFiringWebDriver.java:188)
	at org.openqa.selenium.remote.server.handler.FindElement.call(FindElement.java:48)
	at org.openqa.selenium.remote.server.handler.FindElement.call(FindElement.java:1)
	at java.util.concurrent.FutureTask.run(Unknown Source)
	at org.openqa.selenium.remote.server.DefaultSession$1.run(DefaultSession.java:176)
	at java.util.concurrent.ThreadPoolExecutor.runWorker(Unknown Source)
	at java.util.concurrent.ThreadPoolExecutor$Worker.run(Unknown Source)
	at java.lang.Thread.run(Unknown Source)
... Removed 37 stack frames</div></td></tr></table><p class="totop"><a href="#summary">back to summary</a></p><h2>registerwithexceldata</h2><h3 id="m2">com.atmecs.testscript.Registration#register</h3><table class="result"><tr class="param"><th>Parameter #1</th><th>Parameter #2</th><th>Parameter #3</th><th>Parameter #4</th><th>Parameter #5</th></tr><tr class="param stripe"><td>rajat.gupta@atmecs.com</td><td>Rajat</td><td>Gupta</td><td>abcd</td><td>abcd</td></tr><tr><th colspan="5">Messages</th></tr><tr><td colspan="5"><div class="messages">Reading data from Register data excel file<br/>OpeningURLhttp://10.10.10.232:8080/<br/>INFO: Maximizing window<br/>Clicking Register link<br/>Entering data in Email fieldrajat.gupta@atmecs.com<br/>Entering data in First Name fieldRajat<br/>Entering data in Last Name fieldGupta<br/>Entering data in Password fieldabcd<br/>Entering data in Confirm Password fieldabcd<br/>Click to register the user</div></td></tr></table><p class="totop"><a href="#summary">back to summary</a></p><h2>traversewithexceldata</h2><h3 id="m3">com.atmecs.testscript.TraversePages#traverseTheLinks</h3><table class="result"><tr><th>Messages</th></tr><tr><td><div class="messages">INFO: Maximizing window <br/>Clicking on the Home Tab<br/>Clicking on logout button<br/>Logged out successfully</div></td></tr></table><p class="totop"><a href="#summary">back to summary</a></p></body></html>