<?xml version="1.0" encoding="UTF-8"?>
<testng-results skipped="0" failed="1" total="4" passed="3">
  <reporter-output>
    <line>
      <![CDATA[INFO: The value found with Environment variable HeatClinic is: HeatClinic]]>
    </line>
    <line>
      <![CDATA[INFO: The value found with Environment Module variable heatclinic is: heatclinic]]>
    </line>
    <line>
      <![CDATA[The value found with Environment variable WIN_10_Chrome_71 is: WIN_10_Chrome_71]]>
    </line>
    <line>
      <![CDATA[INFO: Clients Found: [HeatClinic]
]]>
    </line>
    <line>
      <![CDATA[INFO: Modules Selected: [heatclinic]
]]>
    </line>
    <line>
      <![CDATA[INFO: New Suite Created with name: HeatClinic-loginexcel-WIN_10_Chrome_71]]>
    </line>
    <line>
      <![CDATA[<?xml version="1.0" encoding="UTF-8"?>
<!DOCTYPE suite SYSTEM "http://testng.org/testng-1.0.dtd">
<suite name="HeatClinic-loginexcel-WIN_10_Chrome_71">
  <parameter name="os" value="WIN"/>
  <parameter name="osVersion" value="10"/>
  <parameter name="browser" value="Chrome"/>
  <parameter name="browserVersion" value="71"/>
  <test name="loginwithexceldata">
    <classes>
      <class name="com.atmecs.testscript.Login"/>
    </classes>
  </test> <!-- loginwithexceldata -->
  <test name="loginwithinvalidexceldata">
    <classes>
      <class name="com.atmecs.testscript.InvalidLogin"/>
    </classes>
  </test> <!-- loginwithinvalidexceldata -->
  <test name="registerwithexceldata">
    <classes>
      <class name="com.atmecs.testscript.Registration"/>
    </classes>
  </test> <!-- registerwithexceldata -->
  <test name="traversewithexceldata">
    <classes>
      <class name="com.atmecs.testscript.TraversePages"/>
    </classes>
  </test> <!-- traversewithexceldata -->
</suite> <!-- HeatClinic-loginexcel-WIN_10_Chrome_71 -->
]]>
    </line>
    <line>
      <![CDATA[INFO: Reading data from Excel file]]>
    </line>
    <line>
      <![CDATA[INFO: Opening url http://10.10.10.232:8080/]]>
    </line>
    <line>
      <![CDATA[INFO: Maximizing window ]]>
    </line>
    <line>
      <![CDATA[INFO: Clicking login link ]]>
    </line>
    <line>
      <![CDATA[INFO: Entering data in email field rajat.gupta@atmecs.com]]>
    </line>
    <line>
      <![CDATA[INFO: Entering data in password field ]]>
    </line>
    <line>
      <![CDATA[INFO: Clicking login button]]>
    </line>
    <line>
      <![CDATA[PASS :  Verifying username : ACTUAL : Rajat 	EXPECTED :Rajat]]>
    </line>
    <line>
      <![CDATA[PASS : Account Verified]]>
    </line>
    <line>
      <![CDATA[Clicking Account Name Rajat]]>
    </line>
    <line>
      <![CDATA[Clicking on Submit button in Account Information]]>
    </line>
    <line>
      <![CDATA[Verifying account updation]]>
    </line>
    <line>
      <![CDATA[PASS :  Verifying Account Updation : ACTUAL : Account successfully updated 	EXPECTED :Account successfully updated]]>
    </line>
    <line>
      <![CDATA[PASS : Account updated]]>
    </line>
    <line>
      <![CDATA[Clicking on Hot Sauces Tab]]>
    </line>
    <line>
      <![CDATA[Clicking on Sauce]]>
    </line>
    <line>
      <![CDATA[Clicking on buy button]]>
    </line>
    <line>
      <![CDATA[Checking cart item]]>
    </line>
    <line>
      <![CDATA[Verifying item in cart]]>
    </line>
    <line>
      <![CDATA[PASS : Cart Item : ACTUAL : Roasted Garlic Hot Sauce 	EXPECTED :Roasted Garlic Hot Sauce]]>
    </line>
    <line>
      <![CDATA[Removing Cart Item]]>
    </line>
    <line>
      <![CDATA[Item Removed Successfully]]>
    </line>
    <line>
      <![CDATA[Closeing Cart Window]]>
    </line>
    <line>
      <![CDATA[Clicking on logout button]]>
    </line>
    <line>
      <![CDATA[Logged out successfully]]>
    </line>
    <line>
      <![CDATA[INFO: Reading data from Excel file]]>
    </line>
    <line>
      <![CDATA[INFO: Opening url http://10.10.10.232:8080/]]>
    </line>
    <line>
      <![CDATA[INFO: Maximizing window ]]>
    </line>
    <line>
      <![CDATA[INFO: Clicking login link ]]>
    </line>
    <line>
      <![CDATA[INFO: Entering invalid email ID in email field tempuser@atmecs.com]]>
    </line>
    <line>
      <![CDATA[INFO: Entering data in password field ]]>
    </line>
    <line>
      <![CDATA[INFO: Clicking login button]]>
    </line>
    <line>
      <![CDATA[FAIL : Error occured capturing screenshot, refer to error tab for more details]]>
    </line>
    <line>
      <![CDATA[IMG : 053564eb-27ed-49dd-83d0-5717314c35d3]]>
    </line>
    <line>
      <![CDATA[Reading data from Register data excel file]]>
    </line>
    <line>
      <![CDATA[OpeningURLhttp://10.10.10.232:8080/]]>
    </line>
    <line>
      <![CDATA[INFO: Maximizing window]]>
    </line>
    <line>
      <![CDATA[Clicking Register link]]>
    </line>
    <line>
      <![CDATA[Entering data in Email fieldrajat.gupta@atmecs.com]]>
    </line>
    <line>
      <![CDATA[Entering data in First Name fieldRajat]]>
    </line>
    <line>
      <![CDATA[Entering data in Last Name fieldGupta]]>
    </line>
    <line>
      <![CDATA[Entering data in Password fieldabcd]]>
    </line>
    <line>
      <![CDATA[Entering data in Confirm Password fieldabcd]]>
    </line>
    <line>
      <![CDATA[Click to register the user]]>
    </line>
    <line>
      <![CDATA[INFO: Maximizing window ]]>
    </line>
    <line>
      <![CDATA[Clicking on the Home Tab]]>
    </line>
    <line>
      <![CDATA[Clicking on logout button]]>
    </line>
    <line>
      <![CDATA[Logged out successfully]]>
    </line>
  </reporter-output>
  <suite name="HeatClinic-loginexcel-WIN_10_Chrome_71" duration-ms="173904" started-at="2019-02-21T07:18:05Z" finished-at="2019-02-21T07:20:59Z">
    <groups>
    </groups>
    <test name="loginwithexceldata" duration-ms="60886" started-at="2019-02-21T07:18:05Z" finished-at="2019-02-21T07:19:06Z">
      <class name="com.atmecs.testscript.Login">
        <test-method status="PASS" signature="setup(java.lang.String, java.lang.String, java.lang.String, java.lang.String)[pri:0, instance:com.atmecs.testscript.Login@7d9482ab]" name="setup" is-config="true" duration-ms="31" started-at="2019-02-21T12:48:05Z" finished-at="2019-02-21T12:48:05Z">
          <params>
            <param index="0">
              <value>
                <![CDATA[Chrome]]>
              </value>
            </param>
            <param index="1">
              <value>
                <![CDATA[71]]>
              </value>
            </param>
            <param index="2">
              <value>
                <![CDATA[WIN]]>
              </value>
            </param>
            <param index="3">
              <value>
                <![CDATA[10]]>
              </value>
            </param>
          </params>
          <reporter-output>
          </reporter-output>
        </test-method> <!-- setup -->
        <test-method status="PASS" signature="validLogin(java.lang.String, java.lang.String, java.lang.String)[pri:2, instance:com.atmecs.testscript.Login@7d9482ab]" name="validLogin" duration-ms="58536" started-at="2019-02-21T12:48:06Z" data-provider="loginData" finished-at="2019-02-21T12:49:04Z">
          <params>
            <param index="0">
              <value>
                <![CDATA[rajat.gupta@atmecs.com]]>
              </value>
            </param>
            <param index="1">
              <value>
                <![CDATA[abcd]]>
              </value>
            </param>
            <param index="2">
              <value>
                <![CDATA[Rajat]]>
              </value>
            </param>
          </params>
          <reporter-output>
            <line>
              <![CDATA[INFO: Reading data from Excel file]]>
            </line>
            <line>
              <![CDATA[INFO: Opening url http://10.10.10.232:8080/]]>
            </line>
            <line>
              <![CDATA[INFO: Maximizing window ]]>
            </line>
            <line>
              <![CDATA[INFO: Clicking login link ]]>
            </line>
            <line>
              <![CDATA[INFO: Entering data in email field rajat.gupta@atmecs.com]]>
            </line>
            <line>
              <![CDATA[INFO: Entering data in password field ]]>
            </line>
            <line>
              <![CDATA[INFO: Clicking login button]]>
            </line>
            <line>
              <![CDATA[PASS :  Verifying username : ACTUAL : Rajat 	EXPECTED :Rajat]]>
            </line>
            <line>
              <![CDATA[PASS : Account Verified]]>
            </line>
            <line>
              <![CDATA[Clicking Account Name Rajat]]>
            </line>
            <line>
              <![CDATA[Clicking on Submit button in Account Information]]>
            </line>
            <line>
              <![CDATA[Verifying account updation]]>
            </line>
            <line>
              <![CDATA[PASS :  Verifying Account Updation : ACTUAL : Account successfully updated 	EXPECTED :Account successfully updated]]>
            </line>
            <line>
              <![CDATA[PASS : Account updated]]>
            </line>
            <line>
              <![CDATA[Clicking on Hot Sauces Tab]]>
            </line>
            <line>
              <![CDATA[Clicking on Sauce]]>
            </line>
            <line>
              <![CDATA[Clicking on buy button]]>
            </line>
            <line>
              <![CDATA[Checking cart item]]>
            </line>
            <line>
              <![CDATA[Verifying item in cart]]>
            </line>
            <line>
              <![CDATA[PASS : Cart Item : ACTUAL : Roasted Garlic Hot Sauce 	EXPECTED :Roasted Garlic Hot Sauce]]>
            </line>
            <line>
              <![CDATA[Removing Cart Item]]>
            </line>
            <line>
              <![CDATA[Item Removed Successfully]]>
            </line>
            <line>
              <![CDATA[Closeing Cart Window]]>
            </line>
            <line>
              <![CDATA[Clicking on logout button]]>
            </line>
            <line>
              <![CDATA[Logged out successfully]]>
            </line>
          </reporter-output>
        </test-method> <!-- validLogin -->
        <test-method status="PASS" signature="exit()[pri:0, instance:com.atmecs.testscript.Login@7d9482ab]" name="exit" is-config="true" duration-ms="1234" started-at="2019-02-21T12:49:04Z" finished-at="2019-02-21T12:49:06Z">
          <reporter-output>
          </reporter-output>
        </test-method> <!-- exit -->
      </class> <!-- com.atmecs.testscript.Login -->
    </test> <!-- loginwithexceldata -->
    <test name="loginwithinvalidexceldata" duration-ms="31136" started-at="2019-02-21T07:19:06Z" finished-at="2019-02-21T07:19:37Z">
      <class name="com.atmecs.testscript.InvalidLogin">
        <test-method status="PASS" signature="setup(java.lang.String, java.lang.String, java.lang.String, java.lang.String)[pri:0, instance:com.atmecs.testscript.InvalidLogin@153df9ec]" name="setup" is-config="true" duration-ms="2" started-at="2019-02-21T12:49:06Z" finished-at="2019-02-21T12:49:06Z">
          <params>
            <param index="0">
              <value>
                <![CDATA[Chrome]]>
              </value>
            </param>
            <param index="1">
              <value>
                <![CDATA[71]]>
              </value>
            </param>
            <param index="2">
              <value>
                <![CDATA[WIN]]>
              </value>
            </param>
            <param index="3">
              <value>
                <![CDATA[10]]>
              </value>
            </param>
          </params>
          <reporter-output>
          </reporter-output>
        </test-method> <!-- setup -->
        <test-method status="FAIL" signature="invalidLogin(java.lang.String, java.lang.String, java.lang.String)[pri:2, instance:com.atmecs.testscript.InvalidLogin@153df9ec]" name="invalidLogin" duration-ms="29042" started-at="2019-02-21T12:49:06Z" data-provider="loginData2" finished-at="2019-02-21T12:49:35Z">
          <params>
            <param index="0">
              <value>
                <![CDATA[tempuser@atmecs.com]]>
              </value>
            </param>
            <param index="1">
              <value>
                <![CDATA[tempuser]]>
              </value>
            </param>
            <param index="2">
              <value>
                <![CDATA[tempuser]]>
              </value>
            </param>
          </params>
          <exception class="org.openqa.selenium.TimeoutException">
            <message>
              <![CDATA[Timed out after 10 seconds waiting for visibility of element located by By.xpath: //a[@class='my-account']
Build info: version: '2.53.1', revision: 'a36b8b1cd5757287168e54b817830adce9b0158d', time: '2016-06-30 19:26:09'
System info: host: 'ATMECSINLT-469', ip: '55.55.53.74', os.name: 'Windows 10', os.arch: 'amd64', os.version: '10.0', java.version: '1.8.0_201'
Driver info: org.openqa.selenium.remote.RemoteWebDriver
Capabilities [{mobileEmulationEnabled=false, hasTouchScreen=false, platform=XP, acceptSslCerts=false, goog:chromeOptions={debuggerAddress=localhost:2522}, acceptInsecureCerts=false, webStorageEnabled=true, browserName=chrome, takesScreenshot=true, javascriptEnabled=true, setWindowRect=true, unexpectedAlertBehaviour=ignore, applicationCacheEnabled=false, rotatable=false, networkConnectionEnabled=false, chrome={chromedriverVersion=2.44.609538 (b655c5a60b0b544917107a59d4153d4bf78e1b90), userDataDir=C:\Windows\proxy\scoped_dir8292_1506}, takesHeapSnapshot=true, pageLoadStrategy=normal, databaseEnabled=false, handlesAlerts=true, version=71.0.3578.80, browserConnectionEnabled=false, nativeEvents=true, webdriver.remote.sessionid=9b86a83af6ddade4c3a664f8b7949c5db5e9bdcd, locationContextEnabled=true, cssSelectorsEnabled=true}]
Session ID: 9b86a83af6ddade4c3a664f8b7949c5db5e9bdcd]]>
            </message>
            <full-stacktrace>
              <![CDATA[org.openqa.selenium.TimeoutException: Timed out after 10 seconds waiting for visibility of element located by By.xpath: //a[@class='my-account']
Build info: version: '2.53.1', revision: 'a36b8b1cd5757287168e54b817830adce9b0158d', time: '2016-06-30 19:26:09'
System info: host: 'ATMECSINLT-469', ip: '55.55.53.74', os.name: 'Windows 10', os.arch: 'amd64', os.version: '10.0', java.version: '1.8.0_201'
Driver info: org.openqa.selenium.remote.RemoteWebDriver
Capabilities [{mobileEmulationEnabled=false, hasTouchScreen=false, platform=XP, acceptSslCerts=false, goog:chromeOptions={debuggerAddress=localhost:2522}, acceptInsecureCerts=false, webStorageEnabled=true, browserName=chrome, takesScreenshot=true, javascriptEnabled=true, setWindowRect=true, unexpectedAlertBehaviour=ignore, applicationCacheEnabled=false, rotatable=false, networkConnectionEnabled=false, chrome={chromedriverVersion=2.44.609538 (b655c5a60b0b544917107a59d4153d4bf78e1b90), userDataDir=C:\Windows\proxy\scoped_dir8292_1506}, takesHeapSnapshot=true, pageLoadStrategy=normal, databaseEnabled=false, handlesAlerts=true, version=71.0.3578.80, browserConnectionEnabled=false, nativeEvents=true, webdriver.remote.sessionid=9b86a83af6ddade4c3a664f8b7949c5db5e9bdcd, locationContextEnabled=true, cssSelectorsEnabled=true}]
Session ID: 9b86a83af6ddade4c3a664f8b7949c5db5e9bdcd
	at org.openqa.selenium.support.ui.WebDriverWait.timeoutException(WebDriverWait.java:80)
	at org.openqa.selenium.support.ui.FluentWait.until(FluentWait.java:261)
	at com.atmecs.falcon.automation.ui.selenium.WaitElement.waitFor(WaitElement.java:90)
	at com.atmecs.testscript.InvalidLogin.accountLogin(InvalidLogin.java:86)
	at com.atmecs.testscript.InvalidLogin.invalidLogin(InvalidLogin.java:67)
	at sun.reflect.NativeMethodAccessorImpl.invoke0(Native Method)
	at sun.reflect.NativeMethodAccessorImpl.invoke(NativeMethodAccessorImpl.java:62)
	at sun.reflect.DelegatingMethodAccessorImpl.invoke(DelegatingMethodAccessorImpl.java:43)
	at java.lang.reflect.Method.invoke(Method.java:498)
	at org.testng.internal.MethodInvocationHelper.invokeMethod(MethodInvocationHelper.java:85)
	at org.testng.internal.Invoker.invokeMethod(Invoker.java:639)
	at org.testng.internal.Invoker.invokeTestMethod(Invoker.java:816)
	at org.testng.internal.Invoker.invokeTestMethods(Invoker.java:1124)
	at org.testng.internal.TestMethodWorker.invokeTestMethods(TestMethodWorker.java:125)
	at org.testng.internal.TestMethodWorker.run(TestMethodWorker.java:108)
	at org.testng.TestRunner.privateRun(TestRunner.java:774)
	at org.testng.TestRunner.run(TestRunner.java:624)
	at org.testng.SuiteRunner.runTest(SuiteRunner.java:359)
	at org.testng.SuiteRunner.runSequentially(SuiteRunner.java:354)
	at org.testng.SuiteRunner.privateRun(SuiteRunner.java:312)
	at org.testng.SuiteRunner.run(SuiteRunner.java:261)
	at org.testng.SuiteRunnerWorker.runSuite(SuiteRunnerWorker.java:52)
	at org.testng.SuiteRunnerWorker.run(SuiteRunnerWorker.java:86)
	at org.testng.TestNG.runSuitesSequentially(TestNG.java:1215)
	at org.testng.TestNG.runSuitesLocally(TestNG.java:1140)
	at org.testng.TestNG.run(TestNG.java:1048)
	at com.atmecs.runner.TestNGRunner.main(TestNGRunner.java:74)
	at sun.reflect.NativeMethodAccessorImpl.invoke0(Native Method)
	at sun.reflect.NativeMethodAccessorImpl.invoke(NativeMethodAccessorImpl.java:62)
	at sun.reflect.DelegatingMethodAccessorImpl.invoke(DelegatingMethodAccessorImpl.java:43)
	at java.lang.reflect.Method.invoke(Method.java:498)
	at org.codehaus.mojo.exec.ExecJavaMojo$1.run(ExecJavaMojo.java:293)
	at java.lang.Thread.run(Thread.java:748)
Caused by: org.openqa.selenium.NoSuchElementException: no such element: Unable to locate element: {"method":"xpath","selector":"//a[@class='my-account']"}
  (Session info: chrome=71.0.3578.80)
  (Driver info: chromedriver=2.44.609538 (b655c5a60b0b544917107a59d4153d4bf78e1b90),platform=Windows NT 10.0.17134 x86_64) (WARNING: The server did not provide any stacktrace information)
Command duration or timeout: 14 milliseconds
For documentation on this error, please visit: http://seleniumhq.org/exceptions/no_such_element.html
Build info: version: '2.53.0', revision: '35ae25b', time: '2016-03-15 17:00:58'
System info: host: '185-44-128-41', ip: '185.44.128.41', os.name: 'windows', os.arch: 'x86', os.version: '10.0', java.version: '1.8.0_181'
Driver info: org.openqa.selenium.chrome.ChromeDriver
Capabilities [{mobileEmulationEnabled=false, hasTouchScreen=false, platform=XP, acceptSslCerts=false, goog:chromeOptions={debuggerAddress=localhost:2522}, acceptInsecureCerts=false, webStorageEnabled=true, browserName=chrome, takesScreenshot=true, javascriptEnabled=true, setWindowRect=true, unexpectedAlertBehaviour=ignore, applicationCacheEnabled=false, rotatable=false, networkConnectionEnabled=false, chrome={chromedriverVersion=2.44.609538 (b655c5a60b0b544917107a59d4153d4bf78e1b90), userDataDir=C:\Windows\proxy\scoped_dir8292_1506}, takesHeapSnapshot=true, pageLoadStrategy=normal, databaseEnabled=false, handlesAlerts=true, version=71.0.3578.80, browserConnectionEnabled=false, nativeEvents=true, locationContextEnabled=true, cssSelectorsEnabled=true}]
Session ID: 69236abe7353320b48cbf40c25296132
*** Element info: {Using=xpath, value=//a[@class='my-account']}
Command duration or timeout: 949 milliseconds
For documentation on this error, please visit: http://seleniumhq.org/exceptions/no_such_element.html
Build info: version: '2.53.1', revision: 'a36b8b1cd5757287168e54b817830adce9b0158d', time: '2016-06-30 19:26:09'
System info: host: 'ATMECSINLT-469', ip: '55.55.53.74', os.name: 'Windows 10', os.arch: 'amd64', os.version: '10.0', java.version: '1.8.0_201'
Driver info: org.openqa.selenium.remote.RemoteWebDriver
Capabilities [{mobileEmulationEnabled=false, hasTouchScreen=false, platform=XP, acceptSslCerts=false, goog:chromeOptions={debuggerAddress=localhost:2522}, acceptInsecureCerts=false, webStorageEnabled=true, browserName=chrome, takesScreenshot=true, javascriptEnabled=true, setWindowRect=true, unexpectedAlertBehaviour=ignore, applicationCacheEnabled=false, rotatable=false, networkConnectionEnabled=false, chrome={chromedriverVersion=2.44.609538 (b655c5a60b0b544917107a59d4153d4bf78e1b90), userDataDir=C:\Windows\proxy\scoped_dir8292_1506}, takesHeapSnapshot=true, pageLoadStrategy=normal, databaseEnabled=false, handlesAlerts=true, version=71.0.3578.80, browserConnectionEnabled=false, nativeEvents=true, webdriver.remote.sessionid=9b86a83af6ddade4c3a664f8b7949c5db5e9bdcd, locationContextEnabled=true, cssSelectorsEnabled=true}]
Session ID: 9b86a83af6ddade4c3a664f8b7949c5db5e9bdcd
*** Element info: {Using=xpath, value=//a[@class='my-account']}
	at sun.reflect.NativeConstructorAccessorImpl.newInstance0(Native Method)
	at sun.reflect.NativeConstructorAccessorImpl.newInstance(NativeConstructorAccessorImpl.java:62)
	at sun.reflect.DelegatingConstructorAccessorImpl.newInstance(DelegatingConstructorAccessorImpl.java:45)
	at java.lang.reflect.Constructor.newInstance(Constructor.java:423)
	at org.openqa.selenium.remote.ErrorHandler.createThrowable(ErrorHandler.java:206)
	at org.openqa.selenium.remote.ErrorHandler.throwIfResponseFailed(ErrorHandler.java:158)
	at org.openqa.selenium.remote.RemoteWebDriver.execute(RemoteWebDriver.java:678)
	at org.openqa.selenium.remote.RemoteWebDriver.findElement(RemoteWebDriver.java:363)
	at org.openqa.selenium.remote.RemoteWebDriver.findElementByXPath(RemoteWebDriver.java:500)
	at org.openqa.selenium.By$ByXPath.findElement(By.java:361)
	at org.openqa.selenium.remote.RemoteWebDriver.findElement(RemoteWebDriver.java:355)
	at org.openqa.selenium.support.ui.ExpectedConditions.findElement(ExpectedConditions.java:899)
	at org.openqa.selenium.support.ui.ExpectedConditions.access$000(ExpectedConditions.java:41)
	at org.openqa.selenium.support.ui.ExpectedConditions$7.apply(ExpectedConditions.java:205)
	at org.openqa.selenium.support.ui.ExpectedConditions$7.apply(ExpectedConditions.java:201)
	at org.openqa.selenium.support.ui.FluentWait.until(FluentWait.java:238)
	... 31 more
Caused by: org.openqa.selenium.remote.ScreenshotException: Screen shot has been taken
Build info: version: '2.53.1', revision: 'a36b8b1cd5757287168e54b817830adce9b0158d', time: '2016-06-30 19:26:09'
System info: host: 'ATMECSINLT-469', ip: '55.55.53.74', os.name: 'Windows 10', os.arch: 'amd64', os.version: '10.0', java.version: '1.8.0_201'
Driver info: driver.version: RemoteWebDriver
	at org.openqa.selenium.remote.ErrorHandler.throwIfResponseFailed(ErrorHandler.java:138)
	... 41 more
Caused by: org.openqa.selenium.NoSuchElementException: no such element: Unable to locate element: {"method":"xpath","selector":"//a[@class='my-account']"}
  (Session info: chrome=71.0.3578.80)
  (Driver info: chromedriver=2.44.609538 (b655c5a60b0b544917107a59d4153d4bf78e1b90),platform=Windows NT 10.0.17134 x86_64) (WARNING: The server did not provide any stacktrace information)
Command duration or timeout: 14 milliseconds
For documentation on this error, please visit: http://seleniumhq.org/exceptions/no_such_element.html
Build info: version: '2.53.0', revision: '35ae25b', time: '2016-03-15 17:00:58'
System info: host: '185-44-128-41', ip: '185.44.128.41', os.name: 'windows', os.arch: 'x86', os.version: '10.0', java.version: '1.8.0_181'
Driver info: org.openqa.selenium.chrome.ChromeDriver
Capabilities [{mobileEmulationEnabled=false, hasTouchScreen=false, platform=XP, acceptSslCerts=false, goog:chromeOptions={debuggerAddress=localhost:2522}, acceptInsecureCerts=false, webStorageEnabled=true, browserName=chrome, takesScreenshot=true, javascriptEnabled=true, setWindowRect=true, unexpectedAlertBehaviour=ignore, applicationCacheEnabled=false, rotatable=false, networkConnectionEnabled=false, chrome={chromedriverVersion=2.44.609538 (b655c5a60b0b544917107a59d4153d4bf78e1b90), userDataDir=C:\Windows\proxy\scoped_dir8292_1506}, takesHeapSnapshot=true, pageLoadStrategy=normal, databaseEnabled=false, handlesAlerts=true, version=71.0.3578.80, browserConnectionEnabled=false, nativeEvents=true, locationContextEnabled=true, cssSelectorsEnabled=true}]
Session ID: 69236abe7353320b48cbf40c25296132
*** Element info: {Using=xpath, value=//a[@class='my-account']}
For documentation on this error, please visit: http://seleniumhq.org/exceptions/no_such_element.html
Build info: version: '2.53.1', revision: 'a36b8b1cd5757287168e54b817830adce9b0158d', time: '2016-06-30 19:26:09'
System info: host: 'ATMECSINLT-469', ip: '55.55.53.74', os.name: 'Windows 10', os.arch: 'amd64', os.version: '10.0', java.version: '1.8.0_201'
Driver info: driver.version: EventFiringWebDriver
	at sun.reflect.NativeConstructorAccessorImpl.newInstance0(Native Method)
	at sun.reflect.NativeConstructorAccessorImpl.newInstance(Unknown Source)
	at sun.reflect.DelegatingConstructorAccessorImpl.newInstance(Unknown Source)
	at java.lang.reflect.Constructor.newInstance(Unknown Source)
	at org.openqa.selenium.remote.ErrorHandler.createThrowable(ErrorHandler.java:206)
	at org.openqa.selenium.remote.ErrorHandler.throwIfResponseFailed(ErrorHandler.java:158)
	at org.openqa.selenium.remote.RemoteWebDriver.execute(RemoteWebDriver.java:678)
	at org.openqa.selenium.remote.RemoteWebDriver.findElement(RemoteWebDriver.java:363)
	at org.openqa.selenium.remote.RemoteWebDriver.findElementByXPath(RemoteWebDriver.java:500)
	at org.openqa.selenium.By$ByXPath.findElement(By.java:361)
	at org.openqa.selenium.remote.RemoteWebDriver.findElement(RemoteWebDriver.java:355)
	at sun.reflect.NativeMethodAccessorImpl.invoke0(Native Method)
	at sun.reflect.NativeMethodAccessorImpl.invoke(Unknown Source)
	at sun.reflect.DelegatingMethodAccessorImpl.invoke(Unknown Source)
	at java.lang.reflect.Method.invoke(Unknown Source)
	at org.openqa.selenium.support.events.EventFiringWebDriver$2.invoke(EventFiringWebDriver.java:103)
	at com.sun.proxy.$Proxy1.findElement(Unknown Source)
	at org.openqa.selenium.support.events.EventFiringWebDriver.findElement(EventFiringWebDriver.java:188)
	at org.openqa.selenium.remote.server.handler.FindElement.call(FindElement.java:48)
	at org.openqa.selenium.remote.server.handler.FindElement.call(FindElement.java:1)
	at java.util.concurrent.FutureTask.run(Unknown Source)
	at org.openqa.selenium.remote.server.DefaultSession$1.run(DefaultSession.java:176)
	at java.util.concurrent.ThreadPoolExecutor.runWorker(Unknown Source)
	at java.util.concurrent.ThreadPoolExecutor$Worker.run(Unknown Source)
	at java.lang.Thread.run(Unknown Source)
]]>
            </full-stacktrace>
          </exception> <!-- org.openqa.selenium.TimeoutException -->
          <reporter-output>
            <line>
              <![CDATA[INFO: Reading data from Excel file]]>
            </line>
            <line>
              <![CDATA[INFO: Opening url http://10.10.10.232:8080/]]>
            </line>
            <line>
              <![CDATA[INFO: Maximizing window ]]>
            </line>
            <line>
              <![CDATA[INFO: Clicking login link ]]>
            </line>
            <line>
              <![CDATA[INFO: Entering invalid email ID in email field tempuser@atmecs.com]]>
            </line>
            <line>
              <![CDATA[INFO: Entering data in password field ]]>
            </line>
            <line>
              <![CDATA[INFO: Clicking login button]]>
            </line>
            <line>
              <![CDATA[FAIL : Error occured capturing screenshot, refer to error tab for more details]]>
            </line>
            <line>
              <![CDATA[IMG : 053564eb-27ed-49dd-83d0-5717314c35d3]]>
            </line>
          </reporter-output>
        </test-method> <!-- invalidLogin -->
        <test-method status="PASS" signature="exit()[pri:0, instance:com.atmecs.testscript.InvalidLogin@153df9ec]" name="exit" is-config="true" duration-ms="1146" started-at="2019-02-21T12:49:36Z" finished-at="2019-02-21T12:49:37Z">
          <reporter-output>
          </reporter-output>
        </test-method> <!-- exit -->
      </class> <!-- com.atmecs.testscript.InvalidLogin -->
    </test> <!-- loginwithinvalidexceldata -->
    <test name="registerwithexceldata" duration-ms="27932" started-at="2019-02-21T07:19:37Z" finished-at="2019-02-21T07:20:05Z">
      <class name="com.atmecs.testscript.Registration">
        <test-method status="PASS" signature="setup(java.lang.String, java.lang.String, java.lang.String, java.lang.String)[pri:0, instance:com.atmecs.testscript.Registration@5609ba46]" name="setup" is-config="true" duration-ms="1" started-at="2019-02-21T12:49:37Z" finished-at="2019-02-21T12:49:37Z">
          <params>
            <param index="0">
              <value>
                <![CDATA[Chrome]]>
              </value>
            </param>
            <param index="1">
              <value>
                <![CDATA[71]]>
              </value>
            </param>
            <param index="2">
              <value>
                <![CDATA[WIN]]>
              </value>
            </param>
            <param index="3">
              <value>
                <![CDATA[10]]>
              </value>
            </param>
          </params>
          <reporter-output>
          </reporter-output>
        </test-method> <!-- setup -->
        <test-method status="PASS" signature="register(java.lang.String, java.lang.String, java.lang.String, java.lang.String, java.lang.String)[pri:1, instance:com.atmecs.testscript.Registration@5609ba46]" name="register" duration-ms="26653" started-at="2019-02-21T12:49:37Z" data-provider="RegisterData" finished-at="2019-02-21T12:50:03Z">
          <params>
            <param index="0">
              <value>
                <![CDATA[rajat.gupta@atmecs.com]]>
              </value>
            </param>
            <param index="1">
              <value>
                <![CDATA[Rajat]]>
              </value>
            </param>
            <param index="2">
              <value>
                <![CDATA[Gupta]]>
              </value>
            </param>
            <param index="3">
              <value>
                <![CDATA[abcd]]>
              </value>
            </param>
            <param index="4">
              <value>
                <![CDATA[abcd]]>
              </value>
            </param>
          </params>
          <reporter-output>
            <line>
              <![CDATA[Reading data from Register data excel file]]>
            </line>
            <line>
              <![CDATA[OpeningURLhttp://10.10.10.232:8080/]]>
            </line>
            <line>
              <![CDATA[INFO: Maximizing window]]>
            </line>
            <line>
              <![CDATA[Clicking Register link]]>
            </line>
            <line>
              <![CDATA[Entering data in Email fieldrajat.gupta@atmecs.com]]>
            </line>
            <line>
              <![CDATA[Entering data in First Name fieldRajat]]>
            </line>
            <line>
              <![CDATA[Entering data in Last Name fieldGupta]]>
            </line>
            <line>
              <![CDATA[Entering data in Password fieldabcd]]>
            </line>
            <line>
              <![CDATA[Entering data in Confirm Password fieldabcd]]>
            </line>
            <line>
              <![CDATA[Click to register the user]]>
            </line>
          </reporter-output>
        </test-method> <!-- register -->
        <test-method status="PASS" signature="exit()[pri:0, instance:com.atmecs.testscript.Registration@5609ba46]" name="exit" is-config="true" duration-ms="1214" started-at="2019-02-21T12:50:03Z" finished-at="2019-02-21T12:50:05Z">
          <reporter-output>
          </reporter-output>
        </test-method> <!-- exit -->
      </class> <!-- com.atmecs.testscript.Registration -->
    </test> <!-- registerwithexceldata -->
    <test name="traversewithexceldata" duration-ms="53862" started-at="2019-02-21T07:20:05Z" finished-at="2019-02-21T07:20:59Z">
      <class name="com.atmecs.testscript.TraversePages">
        <test-method status="PASS" signature="preSetup()[pri:0, instance:com.atmecs.testscript.TraversePages@522155a8]" name="preSetup" is-config="true" duration-ms="26" started-at="2019-02-21T12:48:05Z" finished-at="2019-02-21T12:48:05Z">
          <reporter-output>
          </reporter-output>
        </test-method> <!-- preSetup -->
        <test-method status="PASS" signature="traverseTheLinks()[pri:0, instance:com.atmecs.testscript.TraversePages@522155a8]" name="traverseTheLinks" duration-ms="52638" started-at="2019-02-21T12:50:05Z" finished-at="2019-02-21T12:50:57Z">
          <reporter-output>
            <line>
              <![CDATA[INFO: Maximizing window ]]>
            </line>
            <line>
              <![CDATA[Clicking on the Home Tab]]>
            </line>
            <line>
              <![CDATA[Clicking on logout button]]>
            </line>
            <line>
              <![CDATA[Logged out successfully]]>
            </line>
          </reporter-output>
        </test-method> <!-- traverseTheLinks -->
        <test-method status="PASS" signature="setup(java.lang.String, java.lang.String, java.lang.String, java.lang.String)[pri:0, instance:com.atmecs.testscript.TraversePages@522155a8]" name="setup" is-config="true" duration-ms="0" started-at="2019-02-21T12:50:05Z" finished-at="2019-02-21T12:50:05Z">
          <params>
            <param index="0">
              <value>
                <![CDATA[Chrome]]>
              </value>
            </param>
            <param index="1">
              <value>
                <![CDATA[71]]>
              </value>
            </param>
            <param index="2">
              <value>
                <![CDATA[WIN]]>
              </value>
            </param>
            <param index="3">
              <value>
                <![CDATA[10]]>
              </value>
            </param>
          </params>
          <reporter-output>
          </reporter-output>
        </test-method> <!-- setup -->
        <test-method status="PASS" signature="exit()[pri:0, instance:com.atmecs.testscript.TraversePages@522155a8]" name="exit" is-config="true" duration-ms="1223" started-at="2019-02-21T12:50:57Z" finished-at="2019-02-21T12:50:59Z">
          <reporter-output>
          </reporter-output>
        </test-method> <!-- exit -->
        <test-method status="PASS" signature="teardown()[pri:0, instance:com.atmecs.testscript.TraversePages@522155a8]" name="teardown" is-config="true" duration-ms="0" started-at="2019-02-21T12:50:59Z" finished-at="2019-02-21T12:50:59Z">
          <reporter-output>
          </reporter-output>
        </test-method> <!-- teardown -->
      </class> <!-- com.atmecs.testscript.TraversePages -->
    </test> <!-- traversewithexceldata -->
  </suite> <!-- HeatClinic-loginexcel-WIN_10_Chrome_71 -->
</testng-results>
