<html>
<head>
<title>TestNG:  loginwithexceldata</title>
<link href="../testng.css" rel="stylesheet" type="text/css" />
<link href="../my-testng.css" rel="stylesheet" type="text/css" />

<style type="text/css">
.log { display: none;} 
.stack-trace { display: none;} 
</style>
<script type="text/javascript">
<!--
function flip(e) {
  current = e.style.display;
  if (current == 'block') {
    e.style.display = 'none';
    return 0;
  }
  else {
    e.style.display = 'block';
    return 1;
  }
}

function toggleBox(szDivId, elem, msg1, msg2)
{
  var res = -1;  if (document.getElementById) {
    res = flip(document.getElementById(szDivId));
  }
  else if (document.all) {
    // this is the way old msie versions work
    res = flip(document.all[szDivId]);
  }
  if(elem) {
    if(res == 0) elem.innerHTML = msg1; else elem.innerHTML = msg2;
  }

}

function toggleAllBoxes() {
  if (document.getElementsByTagName) {
    d = document.getElementsByTagName('div');
    for (i = 0; i < d.length; i++) {
      if (d[i].className == 'log') {
        flip(d[i]);
      }
    }
  }
}

// -->
</script>

</head>
<body>
<h2 align='center'>loginwithexceldata</h2><table border='1' align="center">
<tr>
<td>Tests passed/Failed/Skipped:</td><td>0/1/0</td>
</tr><tr>
<td>Started on:</td><td>Wed Feb 20 19:41:10 IST 2019</td>
</tr>
<tr><td>Total time:</td><td>47 seconds (47505 ms)</td>
</tr><tr>
<td>Included groups:</td><td></td>
</tr><tr>
<td>Excluded groups:</td><td></td>
</tr>
</table><p/>
<small><i>(Hover the method name to see the test class name)</i></small><p/>
<table width='100%' border='1' class='invocation-failed'>
<tr><td colspan='4' align='center'><b>FAILED TESTS</b></td></tr>
<tr><td><b>Test method</b></td>
<td width="30%"><b>Exception</b></td>
<td width="10%"><b>Time (seconds)</b></td>
<td><b>Instance</b></td>
</tr>
<tr>
<td title='com.atmecs.testscript.Login.validLogin()'><b>validLogin</b><br>Test class: com.atmecs.testscript.Login<br>Parameters: rajat.gupta@atmecs.com, abcd, Rajat<br/>
<a href="#Output-779228069" onClick='toggleBox("Output-779228069", this, "Show output", "Hide output");'>Show output</a>

<a href="#Output-779228069" onClick="toggleAllBoxes();">Show all outputs</a>
<div class='log' id="Output-779228069">
INFO: Reading data from Excel file<br/>
INFO: Opening url http://10.10.10.232:8080/<br/>
The driver is null, Please check with driver availability: null<br/>
The driver is null, Please check with driver availability: null<br/>
The driver is null, Please check with driver availability: null<br/>
The driver is null, Please check with driver availability: null<br/>
</div>
</td>
<td><div><pre>org.openqa.selenium.WebDriverException: Failed to connect to binary FirefoxBinary(C:\Program Files\Mozilla Firefox\firefox.exe) on port 7055; process output follows: 
671873667	addons.xpi-utils	DEBUG	Updating add-on states
1550671873669	addons.xpi	DEBUG	Calling bootstrap method startup on formautofill@mozilla.org version 1.0
1550671873671	addons.xpi	DEBUG	Calling bootstrap method startup on screenshots@mozilla.org version 35.0.0
1550671873673	addons.xpi	DEBUG	Calling bootstrap method startup on webcompat@mozilla.org version 3.0.0
1550671873675	addons.manager	DEBUG	Registering shutdown blocker for XPIProvider
1550671873675	addons.manager	DEBUG	Provider finished startup: XPIProvider
1550671873675	addons.manager	DEBUG	Starting provider: LightweightThemeManager
1550671873675	addons.manager	DEBUG	Registering shutdown blocker for LightweightThemeManager
1550671873676	addons.manager	DEBUG	Provider finished startup: LightweightThemeManager
1550671873676	addons.manager	DEBUG	Starting provider: GMPProvider
1550671873679	addons.manager	DEBUG	Registering shutdown blocker for GMPProvider
1550671873679	addons.manager	DEBUG	Provider finished startup: GMPProvider
1550671873679	addons.manager	DEBUG	Starting provider: PluginProvider
1550671873679	addons.manager	DEBUG	Registering shutdown blocker for PluginProvider
1550671873679	addons.manager	DEBUG	Provider finished startup: PluginProvider
1550671873685	addons.manager	DEBUG	Completed startup sequence
1550671875208	addons.xpi-utils	DEBUG	XPI Database saved, setting schema version preference to 28
1550671876158	addons.repository	DEBUG	No addons.json found.
1550671877320	addons.xpi	DEBUG	Ignoring file: name is not a valid add-on ID: C:\Users\tejaswini.shinde\AppData\Local\Temp\anonymous2442370408221192824webdriver-profile\extensions\webdriver-staging
1550671877321	addons.xpi	DEBUG	Existing add-on formautofill@mozilla.org in app-system-defaults
1550671877321	addons.xpi	DEBUG	Existing add-on screenshots@mozilla.org in app-system-defaults
1550671877321	addons.xpi	DEBUG	Existing add-on webcompat-reporter@mozilla.org in app-system-defaults
1550671877322	addons.xpi	DEBUG	Existing add-on webcompat@mozilla.org in app-system-defaults
1550671877323	addons.xpi	DEBUG	scanForChanges changed: false, state: {}
JavaScript error: resource://gre/modules/addons/XPIProvider.jsm, line 2625: TypeError: addon is null
1550671881768	addons.manager	DEBUG	Registering upgrade listener for formautofill@mozilla.org
[Parent 5732, Gecko_IOThread] WARNING: pipe error: 109: file z:/build/build/src/ipc/chromium/src/chrome/common/ipc_channel_win.cc, line 332
[Child 9904, Chrome_ChildThread] WARNING: pipe error: 109: file z:/build/build/src/ipc/chromium/src/chrome/common/ipc_channel_win.cc, line 332
[Child 9904, Chrome_ChildThread] WARNING: pipe error: 109: file z:/build/build/src/ipc/chromium/src/chrome/common/ipc_channel_win.cc, line 332
1550671888576	addons.xpi	DEBUG	Calling bootstrap method shutdown on webcompat@mozilla.org version 3.0.0
1550671888584	addons.xpi	DEBUG	Calling bootstrap method shutdown on screenshots@mozilla.org version 35.0.0
1550671888589	addons.xpi	DEBUG	Calling bootstrap method shutdown on formautofill@mozilla.org version 1.0
[Child 5740, Chrome_ChildThread] WARNING: pipe error: 109: file z:/build/build/src/ipc/chromium/src/chrome/common/ipc_channel_win.cc, line 332
[Child 5740,[Parent 5732, Gecko_IOThread] WARNING: pipe error: 109: file z:/build/build/src/ipc/chromium/src/chrome/common/ipc_channel_win.cc, line 332
1550671888874	addons.manager	DEBUG	shutdown
1550671888876	addons.manager	DEBUG	Calling shutdown blocker for XPIProvider
1550671888876	addons.xpi	DEBUG	shutdown
1550671888877	addons.xpi-utils	DEBUG	shutdown
1550671888877	addons.manager	DEBUG	Calling shutdown blocker for LightweightThemeManager
1550671888877	addons.manager	DEBUG	Calling shutdown blocker for GMPProvider
1550671888878	addons.manager	DEBUG	Calling shutdown blocker for PluginProvider
1550671888885	addons.manager	DEBUG	Async provider shutdown done

###!!! [Child][RunMessage] Error: Channel closing: too late to send/recv, messages will be lost

[GPU 9644, Chrome_Child
###!!! [Child][MessageChannel::SendAndWait] Error: Channel error: cannot send/recv


Build info: version: &apos;2.53.1&apos;, revision: &apos;a36b8b1cd5757287168e54b817830adce9b0158d&apos;, time: &apos;2016-06-30 19:26:09&apos;
System info: host: &apos;ATMECSINLT-469&apos;, ip: &apos;55.55.53.74&apos;, os.name: &apos;Windows 10&apos;, os.arch: &apos;amd64&apos;, os.version: &apos;10.0&apos;, java.version: &apos;1.8.0_201&apos;
Driver info: driver.version: FirefoxDriver
	at org.openqa.selenium.firefox.internal.NewProfileExtensionConnection.start(NewProfileExtensionConnection.java:125)
	at org.openqa.selenium.firefox.FirefoxDriver.startClient(FirefoxDriver.java:271)
	at org.openqa.selenium.remote.RemoteWebDriver.&lt;init&gt;(RemoteWebDriver.java:119)
	at org.openqa.selenium.firefox.FirefoxDriver.&lt;init&gt;(FirefoxDriver.java:216)
	at org.openqa.selenium.firefox.FirefoxDriver.&lt;init&gt;(FirefoxDriver.java:211)
	at org.openqa.selenium.firefox.FirefoxDriver.&lt;init&gt;(FirefoxDriver.java:207)
	at org.openqa.selenium.firefox.FirefoxDriver.&lt;init&gt;(FirefoxDriver.java:120)
	at com.atmecs.falcon.automation.ui.selenium.RunModeLocal.&lt;init&gt;(RunModeLocal.java:35)
	at com.atmecs.falcon.automation.ui.selenium.RunModeFactory.getRunMode(RunModeFactory.java:35)
	at com.atmecs.falcon.automation.ui.selenium.Browser.openURL(Browser.java:345)
	at com.atmecs.testscript.Login.validLogin(Login.java:62)
	at com.atmecs.runner.TestNGRunner.main(TestNGRunner.java:74)
	at org.codehaus.mojo.exec.ExecJavaMojo$1.run(ExecJavaMojo.java:293)
	at java.lang.Thread.run(Thread.java:748)
Caused by: org.openqa.selenium.firefox.NotConnectedException: Unable to connect to host 127.0.0.1 on port 7055 after 45000 ms. Firefox console output:
671873667	addons.xpi-utils	DEBUG	Updating add-on states
1550671873669	addons.xpi	DEBUG	Calling bootstrap method startup on formautofill@mozilla.org version 1.0
1550671873671	addons.xpi	DEBUG	Calling bootstrap method startup on screenshots@mozilla.org version 35.0.0
1550671873673	addons.xpi	DEBUG	Calling bootstrap method startup on webcompat@mozilla.org version 3.0.0
1550671873675	addons.manager	DEBUG	Registering shutdown blocker for XPIProvider
1550671873675	addons.manager	DEBUG	Provider finished startup: XPIProvider
1550671873675	addons.manager	DEBUG	Starting provider: LightweightThemeManager
1550671873675	addons.manager	DEBUG	Registering shutdown blocker for LightweightThemeManager
1550671873676	addons.manager	DEBUG	Provider finished startup: LightweightThemeManager
1550671873676	addons.manager	DEBUG	Starting provider: GMPProvider
1550671873679	addons.manager	DEBUG	Registering shutdown blocker for GMPProvider
1550671873679	addons.manager	DEBUG	Provider finished startup: GMPProvider
1550671873679	addons.manager	DEBUG	Starting provider: PluginProvider
1550671873679	addons.manager	DEBUG	Registering shutdown blocker for PluginProvider
1550671873679	addons.manager	DEBUG	Provider finished startup: PluginProvider
1550671873685	addons.manager	DEBUG	Completed startup sequence
1550671875208	addons.xpi-utils	DEBUG	XPI Database saved, setting schema version preference to 28
1550671876158	addons.repository	DEBUG	No addons.json found.
1550671877320	addons.xpi	DEBUG	Ignoring file: name is not a valid add-on ID: C:\Users\tejaswini.shinde\AppData\Local\Temp\anonymous2442370408221192824webdriver-profile\extensions\webdriver-staging
1550671877321	addons.xpi	DEBUG	Existing add-on formautofill@mozilla.org in app-system-defaults
1550671877321	addons.xpi	DEBUG	Existing add-on screenshots@mozilla.org in app-system-defaults
1550671877321	addons.xpi	DEBUG	Existing add-on webcompat-reporter@mozilla.org in app-system-defaults
1550671877322	addons.xpi	DEBUG	Existing add-on webcompat@mozilla.org in app-system-defaults
1550671877323	addons.xpi	DEBUG	scanForChanges changed: false, state: {}
JavaScript error: resource://gre/modules/addons/XPIProvider.jsm, line 2625: TypeError: addon is null
1550671881768	addons.manager	DEBUG	Registering upgrade listener for formautofill@mozilla.org
[Parent 5732, Gecko_IOThread] WARNING: pipe error: 109: file z:/build/build/src/ipc/chromium/src/chrome/common/ipc_channel_win.cc, line 332
[Child 9904, Chrome_ChildThread] WARNING: pipe error: 109: file z:/build/build/src/ipc/chromium/src/chrome/common/ipc_channel_win.cc, line 332
[Child 9904, Chrome_ChildThread] WARNING: pipe error: 109: file z:/build/build/src/ipc/chromium/src/chrome/common/ipc_channel_win.cc, line 332
1550671888576	addons.xpi	DEBUG	Calling bootstrap method shutdown on webcompat@mozilla.org version 3.0.0
1550671888584	addons.xpi	DEBUG	Calling bootstrap method shutdown on screenshots@mozilla.org version 35.0.0
1550671888589	addons.xpi	DEBUG	Calling bootstrap method shutdown on formautofill@mozilla.org version 1.0
[Child 5740, Chrome_ChildThread] WARNING: pipe error: 109: file z:/build/build/src/ipc/chromium/src/chrome/common/ipc_channel_win.cc, line 332
[Child 5740,[Parent 5732, Gecko_IOThread] WARNING: pipe error: 109: file z:/build/build/src/ipc/chromium/src/chrome/common/ipc_channel_win.cc, line 332
1550671888874	addons.manager	DEBUG	shutdown
1550671888876	addons.manager	DEBUG	Calling shutdown blocker for XPIProvider
1550671888876	addons.xpi	DEBUG	shutdown
1550671888877	addons.xpi-utils	DEBUG	shutdown
1550671888877	addons.manager	DEBUG	Calling shutdown blocker for LightweightThemeManager
1550671888877	addons.manager	DEBUG	Calling shutdown blocker for GMPProvider
1550671888878	addons.manager	DEBUG	Calling shutdown blocker for PluginProvider
1550671888885	addons.manager	DEBUG	Async provider shutdown done

###!!! [Child][RunMessage] Error: Channel closing: too late to send/recv, messages will be lost

[GPU 9644, Chrome_Child
###!!! [Child][MessageChannel::SendAndWait] Error: Channel error: cannot send/recv


	at org.openqa.selenium.firefox.internal.NewProfileExtensionConnection.start(NewProfileExtensionConnection.java:113)
	... 38 more
... Removed 25 stack frames</pre></div><a href='#' onClick='toggleBox("stack-trace779228069", this, "Click to show all stack frames", "Click to hide stack frames")'>Click to show all stack frames</a>
<div class='stack-trace' id='stack-trace779228069'><pre>org.openqa.selenium.WebDriverException: Failed to connect to binary FirefoxBinary(C:\Program Files\Mozilla Firefox\firefox.exe) on port 7055; process output follows: 
671873667	addons.xpi-utils	DEBUG	Updating add-on states
1550671873669	addons.xpi	DEBUG	Calling bootstrap method startup on formautofill@mozilla.org version 1.0
1550671873671	addons.xpi	DEBUG	Calling bootstrap method startup on screenshots@mozilla.org version 35.0.0
1550671873673	addons.xpi	DEBUG	Calling bootstrap method startup on webcompat@mozilla.org version 3.0.0
1550671873675	addons.manager	DEBUG	Registering shutdown blocker for XPIProvider
1550671873675	addons.manager	DEBUG	Provider finished startup: XPIProvider
1550671873675	addons.manager	DEBUG	Starting provider: LightweightThemeManager
1550671873675	addons.manager	DEBUG	Registering shutdown blocker for LightweightThemeManager
1550671873676	addons.manager	DEBUG	Provider finished startup: LightweightThemeManager
1550671873676	addons.manager	DEBUG	Starting provider: GMPProvider
1550671873679	addons.manager	DEBUG	Registering shutdown blocker for GMPProvider
1550671873679	addons.manager	DEBUG	Provider finished startup: GMPProvider
1550671873679	addons.manager	DEBUG	Starting provider: PluginProvider
1550671873679	addons.manager	DEBUG	Registering shutdown blocker for PluginProvider
1550671873679	addons.manager	DEBUG	Provider finished startup: PluginProvider
1550671873685	addons.manager	DEBUG	Completed startup sequence
1550671875208	addons.xpi-utils	DEBUG	XPI Database saved, setting schema version preference to 28
1550671876158	addons.repository	DEBUG	No addons.json found.
1550671877320	addons.xpi	DEBUG	Ignoring file: name is not a valid add-on ID: C:\Users\tejaswini.shinde\AppData\Local\Temp\anonymous2442370408221192824webdriver-profile\extensions\webdriver-staging
1550671877321	addons.xpi	DEBUG	Existing add-on formautofill@mozilla.org in app-system-defaults
1550671877321	addons.xpi	DEBUG	Existing add-on screenshots@mozilla.org in app-system-defaults
1550671877321	addons.xpi	DEBUG	Existing add-on webcompat-reporter@mozilla.org in app-system-defaults
1550671877322	addons.xpi	DEBUG	Existing add-on webcompat@mozilla.org in app-system-defaults
1550671877323	addons.xpi	DEBUG	scanForChanges changed: false, state: {}
JavaScript error: resource://gre/modules/addons/XPIProvider.jsm, line 2625: TypeError: addon is null
1550671881768	addons.manager	DEBUG	Registering upgrade listener for formautofill@mozilla.org
[Parent 5732, Gecko_IOThread] WARNING: pipe error: 109: file z:/build/build/src/ipc/chromium/src/chrome/common/ipc_channel_win.cc, line 332
[Child 9904, Chrome_ChildThread] WARNING: pipe error: 109: file z:/build/build/src/ipc/chromium/src/chrome/common/ipc_channel_win.cc, line 332
[Child 9904, Chrome_ChildThread] WARNING: pipe error: 109: file z:/build/build/src/ipc/chromium/src/chrome/common/ipc_channel_win.cc, line 332
1550671888576	addons.xpi	DEBUG	Calling bootstrap method shutdown on webcompat@mozilla.org version 3.0.0
1550671888584	addons.xpi	DEBUG	Calling bootstrap method shutdown on screenshots@mozilla.org version 35.0.0
1550671888589	addons.xpi	DEBUG	Calling bootstrap method shutdown on formautofill@mozilla.org version 1.0
[Child 5740, Chrome_ChildThread] WARNING: pipe error: 109: file z:/build/build/src/ipc/chromium/src/chrome/common/ipc_channel_win.cc, line 332
[Child 5740,[Parent 5732, Gecko_IOThread] WARNING: pipe error: 109: file z:/build/build/src/ipc/chromium/src/chrome/common/ipc_channel_win.cc, line 332
1550671888874	addons.manager	DEBUG	shutdown
1550671888876	addons.manager	DEBUG	Calling shutdown blocker for XPIProvider
1550671888876	addons.xpi	DEBUG	shutdown
1550671888877	addons.xpi-utils	DEBUG	shutdown
1550671888877	addons.manager	DEBUG	Calling shutdown blocker for LightweightThemeManager
1550671888877	addons.manager	DEBUG	Calling shutdown blocker for GMPProvider
1550671888878	addons.manager	DEBUG	Calling shutdown blocker for PluginProvider
1550671888885	addons.manager	DEBUG	Async provider shutdown done

###!!! [Child][RunMessage] Error: Channel closing: too late to send/recv, messages will be lost

[GPU 9644, Chrome_Child
###!!! [Child][MessageChannel::SendAndWait] Error: Channel error: cannot send/recv


Build info: version: &apos;2.53.1&apos;, revision: &apos;a36b8b1cd5757287168e54b817830adce9b0158d&apos;, time: &apos;2016-06-30 19:26:09&apos;
System info: host: &apos;ATMECSINLT-469&apos;, ip: &apos;55.55.53.74&apos;, os.name: &apos;Windows 10&apos;, os.arch: &apos;amd64&apos;, os.version: &apos;10.0&apos;, java.version: &apos;1.8.0_201&apos;
Driver info: driver.version: FirefoxDriver
	at org.openqa.selenium.firefox.internal.NewProfileExtensionConnection.start(NewProfileExtensionConnection.java:125)
	at org.openqa.selenium.firefox.FirefoxDriver.startClient(FirefoxDriver.java:271)
	at org.openqa.selenium.remote.RemoteWebDriver.&lt;init&gt;(RemoteWebDriver.java:119)
	at org.openqa.selenium.firefox.FirefoxDriver.&lt;init&gt;(FirefoxDriver.java:216)
	at org.openqa.selenium.firefox.FirefoxDriver.&lt;init&gt;(FirefoxDriver.java:211)
	at org.openqa.selenium.firefox.FirefoxDriver.&lt;init&gt;(FirefoxDriver.java:207)
	at org.openqa.selenium.firefox.FirefoxDriver.&lt;init&gt;(FirefoxDriver.java:120)
	at com.atmecs.falcon.automation.ui.selenium.RunModeLocal.&lt;init&gt;(RunModeLocal.java:35)
	at com.atmecs.falcon.automation.ui.selenium.RunModeFactory.getRunMode(RunModeFactory.java:35)
	at com.atmecs.falcon.automation.ui.selenium.Browser.openURL(Browser.java:345)
	at com.atmecs.testscript.Login.validLogin(Login.java:62)
	at sun.reflect.NativeMethodAccessorImpl.invoke0(Native Method)
	at sun.reflect.NativeMethodAccessorImpl.invoke(NativeMethodAccessorImpl.java:62)
	at sun.reflect.DelegatingMethodAccessorImpl.invoke(DelegatingMethodAccessorImpl.java:43)
	at java.lang.reflect.Method.invoke(Method.java:498)
	at org.testng.internal.MethodInvocationHelper.invokeMethod(MethodInvocationHelper.java:85)
	at org.testng.internal.Invoker.invokeMethod(Invoker.java:639)
	at org.testng.internal.Invoker.invokeTestMethod(Invoker.java:816)
	at org.testng.internal.Invoker.invokeTestMethods(Invoker.java:1124)
	at org.testng.internal.TestMethodWorker.invokeTestMethods(TestMethodWorker.java:125)
	at org.testng.internal.TestMethodWorker.run(TestMethodWorker.java:108)
	at org.testng.TestRunner.privateRun(TestRunner.java:774)
	at org.testng.TestRunner.run(TestRunner.java:624)
	at org.testng.SuiteRunner.runTest(SuiteRunner.java:359)
	at org.testng.SuiteRunner.runSequentially(SuiteRunner.java:354)
	at org.testng.SuiteRunner.privateRun(SuiteRunner.java:312)
	at org.testng.SuiteRunner.run(SuiteRunner.java:261)
	at org.testng.SuiteRunnerWorker.runSuite(SuiteRunnerWorker.java:52)
	at org.testng.SuiteRunnerWorker.run(SuiteRunnerWorker.java:86)
	at org.testng.TestNG.runSuitesSequentially(TestNG.java:1215)
	at org.testng.TestNG.runSuitesLocally(TestNG.java:1140)
	at org.testng.TestNG.run(TestNG.java:1048)
	at com.atmecs.runner.TestNGRunner.main(TestNGRunner.java:74)
	at sun.reflect.NativeMethodAccessorImpl.invoke0(Native Method)
	at sun.reflect.NativeMethodAccessorImpl.invoke(NativeMethodAccessorImpl.java:62)
	at sun.reflect.DelegatingMethodAccessorImpl.invoke(DelegatingMethodAccessorImpl.java:43)
	at java.lang.reflect.Method.invoke(Method.java:498)
	at org.codehaus.mojo.exec.ExecJavaMojo$1.run(ExecJavaMojo.java:293)
	at java.lang.Thread.run(Thread.java:748)
Caused by: org.openqa.selenium.firefox.NotConnectedException: Unable to connect to host 127.0.0.1 on port 7055 after 45000 ms. Firefox console output:
671873667	addons.xpi-utils	DEBUG	Updating add-on states
1550671873669	addons.xpi	DEBUG	Calling bootstrap method startup on formautofill@mozilla.org version 1.0
1550671873671	addons.xpi	DEBUG	Calling bootstrap method startup on screenshots@mozilla.org version 35.0.0
1550671873673	addons.xpi	DEBUG	Calling bootstrap method startup on webcompat@mozilla.org version 3.0.0
1550671873675	addons.manager	DEBUG	Registering shutdown blocker for XPIProvider
1550671873675	addons.manager	DEBUG	Provider finished startup: XPIProvider
1550671873675	addons.manager	DEBUG	Starting provider: LightweightThemeManager
1550671873675	addons.manager	DEBUG	Registering shutdown blocker for LightweightThemeManager
1550671873676	addons.manager	DEBUG	Provider finished startup: LightweightThemeManager
1550671873676	addons.manager	DEBUG	Starting provider: GMPProvider
1550671873679	addons.manager	DEBUG	Registering shutdown blocker for GMPProvider
1550671873679	addons.manager	DEBUG	Provider finished startup: GMPProvider
1550671873679	addons.manager	DEBUG	Starting provider: PluginProvider
1550671873679	addons.manager	DEBUG	Registering shutdown blocker for PluginProvider
1550671873679	addons.manager	DEBUG	Provider finished startup: PluginProvider
1550671873685	addons.manager	DEBUG	Completed startup sequence
1550671875208	addons.xpi-utils	DEBUG	XPI Database saved, setting schema version preference to 28
1550671876158	addons.repository	DEBUG	No addons.json found.
1550671877320	addons.xpi	DEBUG	Ignoring file: name is not a valid add-on ID: C:\Users\tejaswini.shinde\AppData\Local\Temp\anonymous2442370408221192824webdriver-profile\extensions\webdriver-staging
1550671877321	addons.xpi	DEBUG	Existing add-on formautofill@mozilla.org in app-system-defaults
1550671877321	addons.xpi	DEBUG	Existing add-on screenshots@mozilla.org in app-system-defaults
1550671877321	addons.xpi	DEBUG	Existing add-on webcompat-reporter@mozilla.org in app-system-defaults
1550671877322	addons.xpi	DEBUG	Existing add-on webcompat@mozilla.org in app-system-defaults
1550671877323	addons.xpi	DEBUG	scanForChanges changed: false, state: {}
JavaScript error: resource://gre/modules/addons/XPIProvider.jsm, line 2625: TypeError: addon is null
1550671881768	addons.manager	DEBUG	Registering upgrade listener for formautofill@mozilla.org
[Parent 5732, Gecko_IOThread] WARNING: pipe error: 109: file z:/build/build/src/ipc/chromium/src/chrome/common/ipc_channel_win.cc, line 332
[Child 9904, Chrome_ChildThread] WARNING: pipe error: 109: file z:/build/build/src/ipc/chromium/src/chrome/common/ipc_channel_win.cc, line 332
[Child 9904, Chrome_ChildThread] WARNING: pipe error: 109: file z:/build/build/src/ipc/chromium/src/chrome/common/ipc_channel_win.cc, line 332
1550671888576	addons.xpi	DEBUG	Calling bootstrap method shutdown on webcompat@mozilla.org version 3.0.0
1550671888584	addons.xpi	DEBUG	Calling bootstrap method shutdown on screenshots@mozilla.org version 35.0.0
1550671888589	addons.xpi	DEBUG	Calling bootstrap method shutdown on formautofill@mozilla.org version 1.0
[Child 5740, Chrome_ChildThread] WARNING: pipe error: 109: file z:/build/build/src/ipc/chromium/src/chrome/common/ipc_channel_win.cc, line 332
[Child 5740,[Parent 5732, Gecko_IOThread] WARNING: pipe error: 109: file z:/build/build/src/ipc/chromium/src/chrome/common/ipc_channel_win.cc, line 332
1550671888874	addons.manager	DEBUG	shutdown
1550671888876	addons.manager	DEBUG	Calling shutdown blocker for XPIProvider
1550671888876	addons.xpi	DEBUG	shutdown
1550671888877	addons.xpi-utils	DEBUG	shutdown
1550671888877	addons.manager	DEBUG	Calling shutdown blocker for LightweightThemeManager
1550671888877	addons.manager	DEBUG	Calling shutdown blocker for GMPProvider
1550671888878	addons.manager	DEBUG	Calling shutdown blocker for PluginProvider
1550671888885	addons.manager	DEBUG	Async provider shutdown done

###!!! [Child][RunMessage] Error: Channel closing: too late to send/recv, messages will be lost

[GPU 9644, Chrome_Child
###!!! [Child][MessageChannel::SendAndWait] Error: Channel error: cannot send/recv


	at org.openqa.selenium.firefox.internal.NewProfileExtensionConnection.start(NewProfileExtensionConnection.java:113)
	... 38 more
</pre></div></td>
<td>46</td>
<td>com.atmecs.testscript.Login@4d5c0718</td></tr>
<tr>
<td title='com.atmecs.testscript.Login.validLogin()'><b>validLogin</b><br>Test class: com.atmecs.testscript.Login</td>
<td><div><pre>java.lang.NullPointerException: The driver is null, Please check with driver availability
	at com.atmecs.falcon.automation.ui.selenium.CustomListener.captureScreenShot(CustomListener.java:143)
	at com.atmecs.falcon.automation.ui.selenium.CustomListener.onTestFailure(CustomListener.java:224)
	at com.atmecs.runner.TestNGRunner.main(TestNGRunner.java:74)
	at org.codehaus.mojo.exec.ExecJavaMojo$1.run(ExecJavaMojo.java:293)
	at java.lang.Thread.run(Thread.java:748)
... Removed 22 stack frames</pre></div><a href='#' onClick='toggleBox("stack-trace69190408", this, "Click to show all stack frames", "Click to hide stack frames")'>Click to show all stack frames</a>
<div class='stack-trace' id='stack-trace69190408'><pre>java.lang.NullPointerException: The driver is null, Please check with driver availability
	at com.atmecs.falcon.automation.ui.selenium.CustomListener.captureScreenShot(CustomListener.java:143)
	at com.atmecs.falcon.automation.ui.selenium.CustomListener.onTestFailure(CustomListener.java:224)
	at org.testng.internal.Invoker.runTestListeners(Invoker.java:1686)
	at org.testng.internal.Invoker.runTestListeners(Invoker.java:1670)
	at org.testng.internal.Invoker.invokeMethod(Invoker.java:696)
	at org.testng.internal.Invoker.invokeTestMethod(Invoker.java:816)
	at org.testng.internal.Invoker.invokeTestMethods(Invoker.java:1124)
	at org.testng.internal.TestMethodWorker.invokeTestMethods(TestMethodWorker.java:125)
	at org.testng.internal.TestMethodWorker.run(TestMethodWorker.java:108)
	at org.testng.TestRunner.privateRun(TestRunner.java:774)
	at org.testng.TestRunner.run(TestRunner.java:624)
	at org.testng.SuiteRunner.runTest(SuiteRunner.java:359)
	at org.testng.SuiteRunner.runSequentially(SuiteRunner.java:354)
	at org.testng.SuiteRunner.privateRun(SuiteRunner.java:312)
	at org.testng.SuiteRunner.run(SuiteRunner.java:261)
	at org.testng.SuiteRunnerWorker.runSuite(SuiteRunnerWorker.java:52)
	at org.testng.SuiteRunnerWorker.run(SuiteRunnerWorker.java:86)
	at org.testng.TestNG.runSuitesSequentially(TestNG.java:1215)
	at org.testng.TestNG.runSuitesLocally(TestNG.java:1140)
	at org.testng.TestNG.run(TestNG.java:1048)
	at com.atmecs.runner.TestNGRunner.main(TestNGRunner.java:74)
	at sun.reflect.NativeMethodAccessorImpl.invoke0(Native Method)
	at sun.reflect.NativeMethodAccessorImpl.invoke(NativeMethodAccessorImpl.java:62)
	at sun.reflect.DelegatingMethodAccessorImpl.invoke(DelegatingMethodAccessorImpl.java:43)
	at java.lang.reflect.Method.invoke(Method.java:498)
	at org.codehaus.mojo.exec.ExecJavaMojo$1.run(ExecJavaMojo.java:293)
	at java.lang.Thread.run(Thread.java:748)
</pre></div></td>
<td>47</td>
<td>com.atmecs.testscript.Login@4d5c0718</td></tr>
</table><p>
</body>
</html>